<?xml version="1.0" encoding="UTF-8"?>
<!-- Generated by org.testng.reporters.JUnitReportReporter -->
<testsuite hostname="DESKTOP-3IAGI7O" failures="0" tests="1" name="conduitUI.LoginTest" time="0.015" errors="0" timestamp="2022-01-12T23:13:59 CET" skipped="0">
  <testcase classname="conduitUI.LoginTest" name="loginTest" time="0.015"/>
  <system-out/>
</testsuite> <!-- conduitUI.LoginTest -->
