<?xml version="1.0" encoding="UTF-8"?>
<!-- Generated by org.testng.reporters.JUnitReportReporter -->
<testsuite hostname="DESKTOP-3IAGI7O" failures="0" tests="2" name="conduitUI.LoginTestOld" time="0.018" errors="0" timestamp="2022-01-13T20:22:24 CET" skipped="0">
  <testcase classname="conduitUI.LoginTestOld" name="loginTest" time="0.016"/>
  <system-out/>
  <testcase classname="conduitUI.LoginTestOld" name="logoutTest" time="0.002"/>
  <system-out/>
</testsuite> <!-- conduitUI.LoginTestOld -->
